<?xml version="1.0" encoding="UTF-8"?>
<!-- Generated by org.testng.reporters.JUnitReportReporter -->
<testsuite hostname="LAPTOP-HBE0DJ0G" failures="0" tests="6" name="testPackage.TestClassTNG2" time="0.032" errors="0" timestamp="2023-03-26T21:02:21 IST" skipped="0">
  <testcase classname="testPackage.TestClassTNG2" name="test1" time="0.007"/>
  <system-out/>
  <testcase classname="testPackage.TestClassTNG2" name="test3" time="0.005"/>
  <system-out/>
  <testcase classname="testPackage.TestClassTNG2" name="test2" time="0.004"/>
  <system-out/>
  <testcase classname="testPackage.TestClassTNG2" name="test2" time="0.009"/>
  <system-out/>
  <testcase classname="testPackage.TestClassTNG2" name="test1" time="0.002"/>
  <system-out/>
  <testcase classname="testPackage.TestClassTNG2" name="test3" time="0.005"/>
  <system-out/>
</testsuite> <!-- testPackage.TestClassTNG2 -->
