<?xml version="1.0" encoding="UTF-8"?>
<!-- Generated by org.testng.reporters.JUnitReportReporter -->
<testsuite hostname="LAPTOP-HBE0DJ0G" failures="0" tests="3" name="testPackage.TestClassTNG1" time="0.031" errors="0" timestamp="2023-03-28T19:10:36 IST" skipped="0">
  <testcase classname="testPackage.TestClassTNG1" name="test1" time="0.021"/>
  <system-out/>
  <testcase classname="testPackage.TestClassTNG1" name="test2" time="0.005"/>
  <system-out/>
  <testcase classname="testPackage.TestClassTNG1" name="test3" time="0.005"/>
  <system-out/>
</testsuite> <!-- testPackage.TestClassTNG1 -->
